0 info it worked if it ends with ok
1 verbose cli [ 'node', '/opt/rh/nodejs010/root/usr/bin/npm', 'start', '-d' ]
2 info using npm@1.3.24
3 info using node@v0.10.25
4 verbose run-script [ 'prestart', 'start', 'poststart' ]
5 info prestart Chatty@0.1.2
6 info start Chatty@0.1.2
7 verbose unsafe-perm in lifecycle true
8 info Chatty@0.1.2 Failed to exec start script
9 error Chatty@0.1.2 start: `node server.js --websocket-port=8000 --log-level=1`
9 error Exit status 143
10 error Failed at the Chatty@0.1.2 start script.
10 error This is most likely a problem with the Chatty package,
10 error not with npm itself.
10 error Tell the author that this fails on your system:
10 error     node server.js --websocket-port=8000 --log-level=1
10 error You can get their info via:
10 error     npm owner ls Chatty
10 error There is likely additional logging output above.
11 error System Linux 2.6.32-504.3.3.el6.x86_64
12 error command "node" "/opt/rh/nodejs010/root/usr/bin/npm" "start" "-d"
13 error cwd /var/lib/openshift/54cb4c4ce0b8cd789400003a/app-root/runtime/repo
14 error node -v v0.10.25
15 error npm -v 1.3.24
16 error code ELIFECYCLE
17 verbose exit [ 1, true ]
